{"type":"server-started","port":64528,"host":"127.0.0.1","url_host":"localhost","url":"http://localhost:64528","screen_dir":"/Users/vera/Documents/cdn-gallery/.superpowers/brainstorm/18005-1776531125/content","state_dir":"/Users/vera/Documents/cdn-gallery/.superpowers/brainstorm/18005-1776531125/state"}
{"type":"screen-added","file":"/Users/vera/Documents/cdn-gallery/.superpowers/brainstorm/18005-1776531125/content/curate-objects.html"}
{"type":"screen-updated","file":"/Users/vera/Documents/cdn-gallery/.superpowers/brainstorm/18005-1776531125/content/curate-objects.html"}
{"type":"screen-updated","file":"/Users/vera/Documents/cdn-gallery/.superpowers/brainstorm/18005-1776531125/content/curate-objects.html"}
{"type":"screen-updated","file":"/Users/vera/Documents/cdn-gallery/.superpowers/brainstorm/18005-1776531125/content/curate-objects.html"}
{"source":"user-event","type":"click","text":"2\n    \n      TV with YouTube video\n      Right wall screen playing CDN video. Media exhibit.","choice":"tv","id":null,"timestamp":1776531351798}
{"source":"user-event","type":"click","text":"3\n    \n      Fin du Monde interactive monitor\n      Right-hand monitor running the interactive CDN project. Currently sits on the gaming desk.","choice":"fdm","id":null,"timestamp":1776531353214}
{"source":"user-event","type":"click","text":"4\n    \n      Pedestal with glowing tome\n      Magical book on a pedestal — holographic wireframe and dissolve particles.","choice":"pedestal","id":null,"timestamp":1776531354681}
{"source":"user-event","type":"click","text":"5\n    \n      Rotating globe\n      Stand-alone floor exhibit.","choice":"globe","id":null,"timestamp":1776531355849}
{"source":"user-event","type":"click","text":"6\n    \n      Rabbit hole portal\n      Floor portal into the nature room. Navigation anchor — removing this cuts access to nature room.","choice":"rabbit","id":null,"timestamp":1776531356681}
{"source":"user-event","type":"click","text":"7\n    \n      Exit portal (front wall)\n      Way back out to the exterior / glasshus. Required for navigation.","choice":"exit","id":null,"timestamp":1776531360547}
{"source":"user-event","type":"click","text":"A\n    \n      Arcade cabinets (2)\n      Retro standing arcades. Gaming / nostalgia — probably doesn't fit \"gallery\".","choice":"arcades","id":null,"timestamp":1776531364446}
{"source":"user-event","type":"click","text":"B\n    \n      Gaming desk + chair + left monitor\n      Workstation with two monitors. (Fin du Monde monitor above is on this desk — kept separately if you keep it.)","choice":"desk","id":null,"timestamp":1776531365046}
{"source":"user-event","type":"click","text":"E\n    \n      Ambient decor (cables, circuit-pattern wall graphics, particle effects, LED strips)\n      Cyberpunk atmosphere. Not content; mood.","choice":"ambient","id":null,"timestamp":1776531371180}
{"source":"user-event","type":"click","text":"1\n    \n      Wall research panels (6)\n      Text, chart, timeline — 3 each on left and right walls. Core gallery content.","choice":"panels","id":null,"timestamp":1776531384132}
{"type":"screen-added","file":"/Users/vera/Documents/cdn-gallery/.superpowers/brainstorm/18005-1776531125/content/scale.html"}
{"type":"screen-updated","file":"/Users/vera/Documents/cdn-gallery/.superpowers/brainstorm/18005-1776531125/content/scale.html"}
{"type":"screen-updated","file":"/Users/vera/Documents/cdn-gallery/.superpowers/brainstorm/18005-1776531125/content/scale.html"}
{"type":"screen-updated","file":"/Users/vera/Documents/cdn-gallery/.superpowers/brainstorm/18005-1776531125/content/scale.html"}
{"type":"server-stopped","reason":"idle timeout"}
