{"type":"server-started","port":60357,"host":"127.0.0.1","url_host":"localhost","url":"http://localhost:60357","screen_dir":"/Users/vera/Documents/cdn-gallery/.superpowers/brainstorm/54700-1776429795/content","state_dir":"/Users/vera/Documents/cdn-gallery/.superpowers/brainstorm/54700-1776429795/state"}
{"type":"screen-added","file":"/Users/vera/Documents/cdn-gallery/.superpowers/brainstorm/54700-1776429795/content/glasshus-concept.html"}
{"type":"screen-updated","file":"/Users/vera/Documents/cdn-gallery/.superpowers/brainstorm/54700-1776429795/content/glasshus-concept.html"}
{"type":"screen-updated","file":"/Users/vera/Documents/cdn-gallery/.superpowers/brainstorm/54700-1776429795/content/glasshus-concept.html"}
{"type":"screen-updated","file":"/Users/vera/Documents/cdn-gallery/.superpowers/brainstorm/54700-1776429795/content/glasshus-concept.html"}
{"source":"user-event","type":"click","text":"C\n    \n      Exterior scene with glasshus\n      Player transitions to an outdoor scene showing the glasshus from outside (grass, stone walls, sky). They walk up to the glass doors and enter the AI room. Most immersive but largest scope.","choice":"c","id":null,"timestamp":1776429898121}
{"source":"user-event","type":"click","text":"C\n    \n      Exterior scene with glasshus\n      Player transitions to an outdoor scene showing the glasshus from outside (grass, stone walls, sky). They walk up to the glass doors and enter the AI room. Most immersive but largest scope.","choice":"c","id":null,"timestamp":1776429899951}
{"source":"user-event","type":"click","text":"C\n    \n      Exterior scene with glasshus\n      Player transitions to an outdoor scene showing the glasshus from outside (grass, stone walls, sky). They walk up to the glass doors and enter the AI room. Most immersive but largest scope.","choice":"c","id":null,"timestamp":1776429900484}
{"source":"user-event","type":"click","text":"C\n    \n      Exterior scene with glasshus\n      Player transitions to an outdoor scene showing the glasshus from outside (grass, stone walls, sky). They walk up to the glass doors and enter the AI room. Most immersive but largest scope.","choice":"c","id":null,"timestamp":1776429901118}
{"source":"user-event","type":"click","text":"C\n    \n      Exterior scene with glasshus\n      Player transitions to an outdoor scene showing the glasshus from outside (grass, stone walls, sky). They walk up to the glass doors and enter the AI room. Most immersive but largest scope.","choice":"c","id":null,"timestamp":1776429901268}
{"source":"user-event","type":"click","text":"C\n    \n      Exterior scene with glasshus\n      Player transitions to an outdoor scene showing the glasshus from outside (grass, stone walls, sky). They walk up to the glass doors and enter the AI room. Most immersive but largest scope.","choice":"c","id":null,"timestamp":1776429901750}
{"source":"user-event","type":"click","text":"C\n    \n      Exterior scene with glasshus\n      Player transitions to an outdoor scene showing the glasshus from outside (grass, stone walls, sky). They walk up to the glass doors and enter the AI room. Most immersive but largest scope.","choice":"c","id":null,"timestamp":1776429902718}
{"type":"screen-added","file":"/Users/vera/Documents/cdn-gallery/.superpowers/brainstorm/54700-1776429795/content/approach-options.html"}
{"type":"screen-updated","file":"/Users/vera/Documents/cdn-gallery/.superpowers/brainstorm/54700-1776429795/content/approach-options.html"}
{"type":"screen-updated","file":"/Users/vera/Documents/cdn-gallery/.superpowers/brainstorm/54700-1776429795/content/approach-options.html"}
{"type":"screen-updated","file":"/Users/vera/Documents/cdn-gallery/.superpowers/brainstorm/54700-1776429795/content/approach-options.html"}
{"type":"screen-updated","file":"/Users/vera/Documents/cdn-gallery/.superpowers/brainstorm/54700-1776429795/content/approach-options.html"}
{"type":"screen-added","file":"/Users/vera/Documents/cdn-gallery/.superpowers/brainstorm/54700-1776429795/content/waiting.html"}
{"type":"screen-updated","file":"/Users/vera/Documents/cdn-gallery/.superpowers/brainstorm/54700-1776429795/content/waiting.html"}
{"type":"screen-updated","file":"/Users/vera/Documents/cdn-gallery/.superpowers/brainstorm/54700-1776429795/content/waiting.html"}
{"type":"screen-updated","file":"/Users/vera/Documents/cdn-gallery/.superpowers/brainstorm/54700-1776429795/content/waiting.html"}
{"type":"screen-updated","file":"/Users/vera/Documents/cdn-gallery/.superpowers/brainstorm/54700-1776429795/content/waiting.html"}
{"type":"server-stopped","reason":"idle timeout"}
